<?xml version="1.0" encoding="UTF-8"?>
<!-- Generated by org.testng.reporters.JUnitReportReporter -->
<testsuite hostname="KARTHIKs-MacBook-Pro.local" name="com.example.tests.AvailabilityTest" tests="1" failures="0" timestamp="2 Mar 2017 17:42:49 GMT" time="7.882" errors="0">
  <testcase name="availabiltyJson" time="7.882" classname="com.example.tests.AvailabilityTest"/>
</testsuite> <!-- com.example.tests.AvailabilityTest -->
