<?xml version="1.0" encoding="UTF-8"?>
<!-- Generated by org.testng.reporters.JUnitReportReporter -->
<testsuite hostname="KARTHIKs-MacBook-Pro.local" name="com.example.tests.AvailabilityTest" tests="1" failures="0" timestamp="6 Mar 2017 04:48:08 GMT" time="8.609" errors="0">
  <testcase name="availabiltyJson" time="8.609" classname="com.example.tests.AvailabilityTest"/>
</testsuite> <!-- com.example.tests.AvailabilityTest -->
