<?xml version="1.0" encoding="UTF-8"?>
<!-- Generated by org.testng.reporters.JUnitReportReporter -->
<testsuite hostname="KARTHIKs-MacBook-Pro.local" name="com.example.AvailabilityTest" tests="1" failures="0" timestamp="16 Jan 2017 20:26:31 GMT" time="8.101" errors="0">
  <testcase name="availabiltyJson" time="8.101" classname="com.example.AvailabilityTest"/>
</testsuite> <!-- com.example.AvailabilityTest -->
